<?xml version="1.0" encoding="UTF-8"?>
<!-- Generated by org.testng.reporters.JUnitXMLReporter -->
<testsuite ignored="0" hostname="DESKTOP-YE7697D" failures="0" tests="3" name="Default test" time="175.259" errors="0" timestamp="2022-07-02T09:26:14 IST">
  <testcase classname="testcases.TestFailedDonationViaNetBanking" name="ValidatePageTitle" time="0.021"/>
  <testcase classname="testcases.TestFailedDonationViaNetBanking" name="enterSlugAndClickOnSearchButton" time="6.007"/>
  <testcase classname="testcases.TestFailedDonationViaNetBanking" name="performFailedDonation" time="162.398"/>
</testsuite> <!-- Default test -->
