<?xml version="1.0" encoding="UTF-8"?>
<testng-results ignored="0" total="3" passed="3" failed="0" skipped="0">
  <reporter-output>
  </reporter-output>
  <suite started-at="2022-07-02T09:23:19 IST" name="Default suite" finished-at="2022-07-02T09:26:14 IST" duration-ms="175259">
    <groups>
    </groups>
    <test started-at="2022-07-02T09:23:19 IST" name="Default test" finished-at="2022-07-02T09:26:14 IST" duration-ms="175259">
      <class name="testcases.TestFailedDonationViaNetBanking">
        <test-method is-config="true" signature="setUp()[pri:0, instance:testcases.TestFailedDonationViaNetBanking@6d763516]" started-at="2022-07-02T09:23:19 IST" name="setUp" finished-at="2022-07-02T09:23:25 IST" duration-ms="6264" status="PASS">
          <reporter-output>
          </reporter-output>
        </test-method> <!-- setUp -->
        <test-method signature="ValidatePageTitle()[pri:1, instance:testcases.TestFailedDonationViaNetBanking@6d763516]" started-at="2022-07-02T09:23:25 IST" name="ValidatePageTitle" finished-at="2022-07-02T09:23:25 IST" duration-ms="21" status="PASS">
          <reporter-output>
          </reporter-output>
        </test-method> <!-- ValidatePageTitle -->
        <test-method signature="enterSlugAndClickOnSearchButton()[pri:2, instance:testcases.TestFailedDonationViaNetBanking@6d763516]" started-at="2022-07-02T09:23:25 IST" name="enterSlugAndClickOnSearchButton" finished-at="2022-07-02T09:23:31 IST" duration-ms="6007" status="PASS">
          <reporter-output>
          </reporter-output>
        </test-method> <!-- enterSlugAndClickOnSearchButton -->
        <test-method signature="performFailedDonation()[pri:3, instance:testcases.TestFailedDonationViaNetBanking@6d763516]" started-at="2022-07-02T09:23:31 IST" name="performFailedDonation" finished-at="2022-07-02T09:26:14 IST" duration-ms="162398" status="PASS">
          <reporter-output>
          </reporter-output>
        </test-method> <!-- performFailedDonation -->
        <test-method is-config="true" signature="closeTheBrowser()[pri:0, instance:testcases.TestFailedDonationViaNetBanking@6d763516]" started-at="2022-07-02T09:26:14 IST" name="closeTheBrowser" finished-at="2022-07-02T09:26:14 IST" duration-ms="515" status="PASS">
          <reporter-output>
          </reporter-output>
        </test-method> <!-- closeTheBrowser -->
      </class> <!-- testcases.TestFailedDonationViaNetBanking -->
    </test> <!-- Default test -->
  </suite> <!-- Default suite -->
</testng-results>
